# JRE version: Java(TM) SE Runtime Environment (8.0_241-b07) (build 1.8.0_241-b07)
# Java VM: Java HotSpot(TM) 64-Bit Server VM (25.241-b07 mixed mode windows-amd64 compressed oops)
Heap:
 PSYoungGen      total 134656K, used 22846K [0x00000000eb500000, 0x00000000f6180000, 0x0000000100000000)
  eden space 124928K, 18% used [0x00000000eb500000,0x00000000ecb4fbb0,0x00000000f2f00000)
  from space 9728K, 0% used [0x00000000f5800000,0x00000000f5800000,0x00000000f6180000)
  to   space 7168K, 0% used [0x00000000f2f00000,0x00000000f2f00000,0x00000000f3600000)
 ParOldGen       total 34304K, used 14187K [0x00000000c1e00000, 0x00000000c3f80000, 0x00000000eb500000)
  object space 34304K, 41% used [0x00000000c1e00000,0x00000000c2bdac58,0x00000000c3f80000)
 Metaspace       used 37497K, capacity 39510K, committed 39720K, reserved 1087488K
  class space    used 5256K, capacity 5670K, committed 5672K, reserved 1048576K
GC Heap History (10 events):
Event: 13.048 GC heap before
{Heap before GC invocations=11 (full 1):
 PSYoungGen      total 132096K, used 132095K [0x00000000eb500000, 0x00000000f6180000, 0x0000000100000000)
  eden space 124928K, 100% used [0x00000000eb500000,0x00000000f2f00000,0x00000000f2f00000)
  from space 7168K, 99% used [0x00000000f2f00000,0x00000000f35ffe18,0x00000000f3600000)
  to   space 9728K, 0% used [0x00000000f5800000,0x00000000f5800000,0x00000000f6180000)
 ParOldGen       total 34304K, used 14003K [0x00000000c1e00000, 0x00000000c3f80000, 0x00000000eb500000)
  object space 34304K, 40% used [0x00000000c1e00000,0x00000000c2bacd70,0x00000000c3f80000)
 Metaspace       used 30204K, capacity 32082K, committed 32256K, reserved 1077248K
  class space    used 4161K, capacity 4522K, committed 4608K, reserved 1048576K
Event: 13.105 GC heap after
Heap after GC invocations=11 (full 1):
 PSYoungGen      total 134656K, used 9704K [0x00000000eb500000, 0x00000000f6180000, 0x0000000100000000)
  eden space 124928K, 0% used [0x00000000eb500000,0x00000000eb500000,0x00000000f2f00000)
  from space 9728K, 99% used [0x00000000f5800000,0x00000000f617a038,0x00000000f6180000)
  to   space 7168K, 0% used [0x00000000f2f00000,0x00000000f2f00000,0x00000000f3600000)
 ParOldGen       total 34304K, used 14921K [0x00000000c1e00000, 0x00000000c3f80000, 0x00000000eb500000)
  object space 34304K, 43% used [0x00000000c1e00000,0x00000000c2c92678,0x00000000c3f80000)
 Metaspace       used 30204K, capacity 32082K, committed 32256K, reserved 1077248K
  class space    used 4161K, capacity 4522K, committed 4608K, reserved 1048576K
}
Event: 14.780 GC heap before
{Heap before GC invocations=12 (full 1):
 PSYoungGen      total 134656K, used 35717K [0x00000000eb500000, 0x00000000f6180000, 0x0000000100000000)
  eden space 124928K, 20% used [0x00000000eb500000,0x00000000ece67660,0x00000000f2f00000)
  from space 9728K, 99% used [0x00000000f5800000,0x00000000f617a038,0x00000000f6180000)
  to   space 7168K, 0% used [0x00000000f2f00000,0x00000000f2f00000,0x00000000f3600000)
 ParOldGen       total 34304K, used 14921K [0x00000000c1e00000, 0x00000000c3f80000, 0x00000000eb500000)
  object space 34304K, 43% used [0x00000000c1e00000,0x00000000c2c92678,0x00000000c3f80000)
 Metaspace       used 33428K, capacity 35334K, committed 35496K, reserved 1079296K
  class space    used 4668K, capacity 5024K, committed 5032K, reserved 1048576K
Event: 14.814 GC heap after
Heap after GC invocations=12 (full 1):
 PSYoungGen      total 132096K, used 3615K [0x00000000eb500000, 0x00000000f6180000, 0x0000000100000000)
  eden space 124928K, 0% used [0x00000000eb500000,0x00000000eb500000,0x00000000f2f00000)
  from space 7168K, 50% used [0x00000000f2f00000,0x00000000f3287ca0,0x00000000f3600000)
  to   space 9728K, 0% used [0x00000000f5800000,0x00000000f5800000,0x00000000f6180000)
 ParOldGen       total 34304K, used 21577K [0x00000000c1e00000, 0x00000000c3f80000, 0x00000000eb500000)
  object space 34304K, 62% used [0x00000000c1e00000,0x00000000c33126a0,0x00000000c3f80000)
 Metaspace       used 33428K, capacity 35334K, committed 35496K, reserved 1079296K
  class space    used 4668K, capacity 5024K, committed 5032K, reserved 1048576K
}
Event: 14.819 GC heap before
{Heap before GC invocations=13 (full 2):
 PSYoungGen      total 132096K, used 3615K [0x00000000eb500000, 0x00000000f6180000, 0x0000000100000000)
  eden space 124928K, 0% used [0x00000000eb500000,0x00000000eb500000,0x00000000f2f00000)
  from space 7168K, 50% used [0x00000000f2f00000,0x00000000f3287ca0,0x00000000f3600000)
  to   space 9728K, 0% used [0x00000000f5800000,0x00000000f5800000,0x00000000f6180000)
 ParOldGen       total 34304K, used 21577K [0x00000000c1e00000, 0x00000000c3f80000, 0x00000000eb500000)
  object space 34304K, 62% used [0x00000000c1e00000,0x00000000c33126a0,0x00000000c3f80000)
 Metaspace       used 33428K, capacity 35334K, committed 35496K, reserved 1079296K
  class space    used 4668K, capacity 5024K, committed 5032K, reserved 1048576K
Event: 15.012 GC heap after
Heap after GC invocations=13 (full 2):
 PSYoungGen      total 132096K, used 0K [0x00000000eb500000, 0x00000000f6180000, 0x0000000100000000)
  eden space 124928K, 0% used [0x00000000eb500000,0x00000000eb500000,0x00000000f2f00000)
  from space 7168K, 0% used [0x00000000f2f00000,0x00000000f2f00000,0x00000000f3600000)
  to   space 9728K, 0% used [0x00000000f5800000,0x00000000f5800000,0x00000000f6180000)
 ParOldGen       total 34304K, used 15649K [0x00000000c1e00000, 0x00000000c3f80000, 0x00000000eb500000)
  object space 34304K, 45% used [0x00000000c1e00000,0x00000000c2d48580,0x00000000c3f80000)
 Metaspace       used 33428K, capacity 35334K, committed 35496K, reserved 1079296K
  class space    used 4668K, capacity 5024K, committed 5032K, reserved 1048576K
}
Event: 15.286 GC heap before
{Heap before GC invocations=14 (full 2):
 PSYoungGen      total 132096K, used 8510K [0x00000000eb500000, 0x00000000f6180000, 0x0000000100000000)
  eden space 124928K, 6% used [0x00000000eb500000,0x00000000ebd4f888,0x00000000f2f00000)
  from space 7168K, 0% used [0x00000000f2f00000,0x00000000f2f00000,0x00000000f3600000)
  to   space 9728K, 0% used [0x00000000f5800000,0x00000000f5800000,0x00000000f6180000)
 ParOldGen       total 34304K, used 15649K [0x00000000c1e00000, 0x00000000c3f80000, 0x00000000eb500000)
  object space 34304K, 45% used [0x00000000c1e00000,0x00000000c2d48580,0x00000000c3f80000)
 Metaspace       used 34508K, capacity 36470K, committed 36648K, reserved 1087488K
  class space    used 4918K, capacity 5330K, committed 5416K, reserved 1048576K
Event: 15.288 GC heap after
Heap after GC invocations=14 (full 2):
 PSYoungGen      total 134656K, used 1252K [0x00000000eb500000, 0x00000000f6180000, 0x0000000100000000)
  eden space 124928K, 0% used [0x00000000eb500000,0x00000000eb500000,0x00000000f2f00000)
  from space 9728K, 12% used [0x00000000f5800000,0x00000000f59390f8,0x00000000f6180000)
  to   space 7168K, 0% used [0x00000000f2f00000,0x00000000f2f00000,0x00000000f3600000)
 ParOldGen       total 34304K, used 15657K [0x00000000c1e00000, 0x00000000c3f80000, 0x00000000eb500000)
  object space 34304K, 45% used [0x00000000c1e00000,0x00000000c2d4a580,0x00000000c3f80000)
 Metaspace       used 34508K, capacity 36470K, committed 36648K, reserved 1087488K
  class space    used 4918K, capacity 5330K, committed 5416K, reserved 1048576K
}
Event: 15.288 GC heap before
{Heap before GC invocations=15 (full 3):
 PSYoungGen      total 134656K, used 1252K [0x00000000eb500000, 0x00000000f6180000, 0x0000000100000000)
  eden space 124928K, 0% used [0x00000000eb500000,0x00000000eb500000,0x00000000f2f00000)
  from space 9728K, 12% used [0x00000000f5800000,0x00000000f59390f8,0x00000000f6180000)
  to   space 7168K, 0% used [0x00000000f2f00000,0x00000000f2f00000,0x00000000f3600000)
 ParOldGen       total 34304K, used 15657K [0x00000000c1e00000, 0x00000000c3f80000, 0x00000000eb500000)
  object space 34304K, 45% used [0x00000000c1e00000,0x00000000c2d4a580,0x00000000c3f80000)
 Metaspace       used 34508K, capacity 36470K, committed 36648K, reserved 1087488K
  class space    used 4918K, capacity 5330K, committed 5416K, reserved 1048576K
Event: 15.448 GC heap after
Heap after GC invocations=15 (full 3):
 PSYoungGen      total 134656K, used 0K [0x00000000eb500000, 0x00000000f6180000, 0x0000000100000000)
  eden space 124928K, 0% used [0x00000000eb500000,0x00000000eb500000,0x00000000f2f00000)
  from space 9728K, 0% used [0x00000000f5800000,0x00000000f5800000,0x00000000f6180000)
  to   space 7168K, 0% used [0x00000000f2f00000,0x00000000f2f00000,0x00000000f3600000)
 ParOldGen       total 34304K, used 14187K [0x00000000c1e00000, 0x00000000c3f80000, 0x00000000eb500000)
  object space 34304K, 41% used [0x00000000c1e00000,0x00000000c2bdac58,0x00000000c3f80000)
 Metaspace       used 34508K, capacity 36470K, committed 36648K, reserved 1085440K
  class space    used 4918K, capacity 5330K, committed 5416K, reserved 1048576K
}

